0 info it worked if it ends with ok
1 verbose cli [ '/usr/local/Cellar/node/7.4.0/bin/node',
1 verbose cli   '/usr/local/bin/npm',
1 verbose cli   'run',
1 verbose cli   'test' ]
2 info using npm@4.0.5
3 info using node@v7.4.0
4 verbose run-script [ 'pretest', 'test', 'posttest' ]
5 info lifecycle rake-js@0.1.0~pretest: rake-js@0.1.0
6 silly lifecycle rake-js@0.1.0~pretest: no script for pretest, continuing
7 info lifecycle rake-js@0.1.0~test: rake-js@0.1.0
8 verbose lifecycle rake-js@0.1.0~test: unsafe-perm in lifecycle true
9 verbose lifecycle rake-js@0.1.0~test: PATH: /usr/local/lib/node_modules/npm/bin/node-gyp-bin:/Users/fox/projects/javascript/rake-js/node_modules/.bin:/usr/local/bin:/usr/bin:/bin:/usr/sbin:/sbin:/usr/local/Cellar/go/1.5.2/libexec/bin:/Users/fox/projects/go/bin:/Users/fox/.cargo/bin:/Users/fox/.multirust/toolchains/nightly-x86_64-apple-darwin/lib/rustlib/src/rust/src/
10 verbose lifecycle rake-js@0.1.0~test: CWD: /Users/fox/projects/javascript/rake-js
11 silly lifecycle rake-js@0.1.0~test: Args: [ '-c', 'npm run lint && npm run build && mocha --opts .mocha' ]
12 silly lifecycle rake-js@0.1.0~test: Returned: code: 2  signal: null
13 info lifecycle rake-js@0.1.0~test: Failed to exec test script
14 verbose stack Error: rake-js@0.1.0 test: `npm run lint && npm run build && mocha --opts .mocha`
14 verbose stack Exit status 2
14 verbose stack     at EventEmitter.<anonymous> (/usr/local/lib/node_modules/npm/lib/utils/lifecycle.js:279:16)
14 verbose stack     at emitTwo (events.js:106:13)
14 verbose stack     at EventEmitter.emit (events.js:191:7)
14 verbose stack     at ChildProcess.<anonymous> (/usr/local/lib/node_modules/npm/lib/utils/spawn.js:40:14)
14 verbose stack     at emitTwo (events.js:106:13)
14 verbose stack     at ChildProcess.emit (events.js:191:7)
14 verbose stack     at maybeClose (internal/child_process.js:885:16)
14 verbose stack     at Process.ChildProcess._handle.onexit (internal/child_process.js:226:5)
15 verbose pkgid rake-js@0.1.0
16 verbose cwd /Users/fox/projects/javascript/rake-js
17 error Darwin 16.5.0
18 error argv "/usr/local/Cellar/node/7.4.0/bin/node" "/usr/local/bin/npm" "run" "test"
19 error node v7.4.0
20 error npm  v4.0.5
21 error code ELIFECYCLE
22 error rake-js@0.1.0 test: `npm run lint && npm run build && mocha --opts .mocha`
22 error Exit status 2
23 error Failed at the rake-js@0.1.0 test script 'npm run lint && npm run build && mocha --opts .mocha'.
23 error Make sure you have the latest version of node.js and npm installed.
23 error If you do, this is most likely a problem with the rake-js package,
23 error not with npm itself.
23 error Tell the author that this fails on your system:
23 error     npm run lint && npm run build && mocha --opts .mocha
23 error You can get information on how to open an issue for this project with:
23 error     npm bugs rake-js
23 error Or if that isn't available, you can get their info via:
23 error     npm owner ls rake-js
23 error There is likely additional logging output above.
24 verbose exit [ 1, true ]
